Using pre-set license
Built from '2020.3/release' branch; Version is '2020.3.1f1 (77a89f25062f) revision 7841951'; Using compiler version '192528614'; Build Type 'Release'
OS: 'Windows 10 Education; OS build 19042.928; Version 2009; 64bit' Language: 'zh' Physical Memory: 16300 MB
BatchMode: 1, IsHumanControllingUs: 0, StartBugReporterOnCrash: 0, Is64bit: 1, IsPro: 0

 COMMAND LINE ARGUMENTS:
C:\Program Files\Unity\Hub\Editor\2020.3.1f1\Editor\Unity.exe
-adb2
-batchMode
-noUpm
-name
AssetImportWorker0
-projectPath
C:/Users/suzut/Documents/GitHub/COMP208-Project/COMP208 Project
-logFile
Logs/AssetImportWorker0.log
-srvPort
12184
Successfully changed project path to: C:/Users/suzut/Documents/GitHub/COMP208-Project/COMP208 Project
C:/Users/suzut/Documents/GitHub/COMP208-Project/COMP208 Project
Using Asset Import Pipeline V2.
Refreshing native plugins compatible for Editor in 29.38 ms, found 1 plugins.
Preloading 0 native plugins for Editor in 0.00 ms.
Initialize engine version: 2020.3.1f1 (77a89f25062f)
[Subsystems] Discovering subsystems at path C:/Program Files/Unity/Hub/Editor/2020.3.1f1/Editor/Data/Resources/UnitySubsystems
[Subsystems] Discovering subsystems at path C:/Users/suzut/Documents/GitHub/COMP208-Project/COMP208 Project/Assets
GfxDevice: creating device client; threaded=0
Direct3D:
    Version:  Direct3D 11.0 [level 11.1]
    Renderer: NVIDIA GeForce GTX 1080 Ti (ID=0x1b06)
    Vendor:   
    VRAM:     11127 MB
    Driver:   27.21.14.6611
Initialize mono
Mono path[0] = 'C:/Program Files/Unity/Hub/Editor/2020.3.1f1/Editor/Data/Managed'
Mono path[1] = 'C:/Program Files/Unity/Hub/Editor/2020.3.1f1/Editor/Data/MonoBleedingEdge/lib/mono/unityjit'
Mono config path = 'C:/Program Files/Unity/Hub/Editor/2020.3.1f1/Editor/Data/MonoBleedingEdge/etc'
Using monoOptions --debugger-agent=transport=dt_socket,embedding=1,server=y,suspend=n,address=127.0.0.1:56220
Begin MonoManager ReloadAssembly
Registering precompiled unity dll's ...
Register platform support module: C:/Program Files/Unity/Hub/Editor/2020.3.1f1/Editor/Data/PlaybackEngines/WindowsStandaloneSupport/UnityEditor.WindowsStandalone.Extensions.dll
Registered in 0.001260 seconds.
Native extension for WindowsStandalone target not found
Refreshing native plugins compatible for Editor in 29.29 ms, found 1 plugins.
Preloading 0 native plugins for Editor in 0.00 ms.
Invoked RoslynAnalysisRunner static constructor.
RoslynAnalysisRunner will not be running.
RoslynAnalysisRunner has terminated.
Mono: successfully reloaded assembly
- Completed reload, in  0.663 seconds
Platform modules already initialized, skipping
Registering precompiled user dll's ...
Registered in 0.000749 seconds.
Begin MonoManager ReloadAssembly
Native extension for WindowsStandalone target not found
Refreshing native plugins compatible for Editor in 28.89 ms, found 1 plugins.
Preloading 0 native plugins for Editor in 0.00 ms.
Invoked RoslynAnalysisRunner static constructor.
RoslynAnalysisRunner will not be running.
RoslynAnalysisRunner has terminated.
Mono: successfully reloaded assembly
- Completed reload, in  0.590 seconds
Platform modules already initialized, skipping
========================================================================
Worker process is ready to serve import requests
Launched and connected shader compiler UnityShaderCompiler.exe after 0.06 seconds
Refreshing native plugins compatible for Editor in 0.35 ms, found 1 plugins.
Preloading 0 native plugins for Editor in 0.00 ms.
Unloading 2111 Unused Serialized files (Serialized files now loaded: 0)
System memory in use before: 95.5 MB.
System memory in use after: 95.6 MB.

Unloading 21 unused Assets to reduce memory usage. Loaded Objects now: 2561.
Total: 1.731300 ms (FindLiveObjects: 0.186300 ms CreateObjectMapping: 0.071800 ms MarkObjects: 1.431100 ms  DeleteObjects: 0.041400 ms)

========================================================================
Received Import Request.
  path: Assets/Scripts/PlayerController.cs
  artifactKey: Guid(35de114a552b1e44c81a4ab995950374) Importer(815301076,1909f56bfc062723c751e8b465ee728b)
Start importing Assets/Scripts/PlayerController.cs using Guid(35de114a552b1e44c81a4ab995950374) Importer(815301076,1909f56bfc062723c751e8b465ee728b)  -> (artifact id: 'cff9b769260eb4099cd49a41bc108197') in 0.015729 seconds
  Import took 0.017948 seconds .

========================================================================
Received Import Request.
  Time since last request: 587.299362 seconds.
  path: Assets/Scripts/PlayerController.cs
  artifactKey: Guid(35de114a552b1e44c81a4ab995950374) Importer(815301076,1909f56bfc062723c751e8b465ee728b)
Start importing Assets/Scripts/PlayerController.cs using Guid(35de114a552b1e44c81a4ab995950374) Importer(815301076,1909f56bfc062723c751e8b465ee728b)  -> (artifact id: '212ee29180d0822e594e76fecd574134') in 0.001437 seconds
  Import took 0.004095 seconds .

========================================================================
Received Import Request.
  Time since last request: 117.272285 seconds.
  path: Assets/Scripts/PlayerController.cs
  artifactKey: Guid(35de114a552b1e44c81a4ab995950374) Importer(815301076,1909f56bfc062723c751e8b465ee728b)
Start importing Assets/Scripts/PlayerController.cs using Guid(35de114a552b1e44c81a4ab995950374) Importer(815301076,1909f56bfc062723c751e8b465ee728b)  -> (artifact id: '5ceec7f8c16e01823c0ef18f0c74ebe8') in 0.001399 seconds
  Import took 0.003794 seconds .

========================================================================
Received Import Request.
  Time since last request: 0.010282 seconds.
  path: Assets/Scripts/PlayerController.cs
  artifactKey: Guid(35de114a552b1e44c81a4ab995950374) Importer(815301076,1909f56bfc062723c751e8b465ee728b)
Start importing Assets/Scripts/PlayerController.cs using Guid(35de114a552b1e44c81a4ab995950374) Importer(815301076,1909f56bfc062723c751e8b465ee728b)  -> (artifact id: '5ceec7f8c16e01823c0ef18f0c74ebe8') in 0.001332 seconds
  Import took 0.003689 seconds .

========================================================================
Received Import Request.
  Time since last request: 19.067931 seconds.
  path: Assets/Animation/Player/Player.controller
  artifactKey: Guid(e481866481a0b034b8956bdde29f7e6d) Importer(815301076,1909f56bfc062723c751e8b465ee728b)
Start importing Assets/Animation/Player/Player.controller using Guid(e481866481a0b034b8956bdde29f7e6d) Importer(815301076,1909f56bfc062723c751e8b465ee728b)  -> (artifact id: '2f52df317edec02f85c57782085c718c') in 0.009362 seconds
  Import took 0.011840 seconds .

========================================================================
Received Prepare
Registering precompiled user dll's ...
Registered in 0.000628 seconds.
Begin MonoManager ReloadAssembly
Native extension for WindowsStandalone target not found
Refreshing native plugins compatible for Editor in 0.35 ms, found 1 plugins.
Preloading 0 native plugins for Editor in 0.00 ms.
Invoked RoslynAnalysisRunner static constructor.
RoslynAnalysisRunner will not be running.
RoslynAnalysisRunner has terminated.
Mono: successfully reloaded assembly
- Completed reload, in  0.546 seconds
Platform modules already initialized, skipping
Refreshing native plugins compatible for Editor in 0.16 ms, found 1 plugins.
Preloading 0 native plugins for Editor in 0.00 ms.
Unloading 2102 Unused Serialized files (Serialized files now loaded: 0)
System memory in use before: 95.4 MB.
System memory in use after: 95.5 MB.

Unloading 9 unused Assets to reduce memory usage. Loaded Objects now: 2564.
Total: 1.614600 ms (FindLiveObjects: 0.246000 ms CreateObjectMapping: 0.060600 ms MarkObjects: 1.298100 ms  DeleteObjects: 0.009400 ms)

========================================================================
Received Prepare
Registering precompiled user dll's ...
Registered in 0.000671 seconds.
Begin MonoManager ReloadAssembly
Native extension for WindowsStandalone target not found
Refreshing native plugins compatible for Editor in 0.35 ms, found 1 plugins.
Preloading 0 native plugins for Editor in 0.00 ms.
Invoked RoslynAnalysisRunner static constructor.
RoslynAnalysisRunner will not be running.
RoslynAnalysisRunner has terminated.
Mono: successfully reloaded assembly
- Completed reload, in  0.532 seconds
Platform modules already initialized, skipping
Refreshing native plugins compatible for Editor in 0.22 ms, found 1 plugins.
Preloading 0 native plugins for Editor in 0.00 ms.
Unloading 2102 Unused Serialized files (Serialized files now loaded: 0)
System memory in use before: 95.4 MB.
System memory in use after: 95.5 MB.

Unloading 9 unused Assets to reduce memory usage. Loaded Objects now: 2567.
Total: 1.553800 ms (FindLiveObjects: 0.135400 ms CreateObjectMapping: 0.056700 ms MarkObjects: 1.351100 ms  DeleteObjects: 0.009900 ms)

========================================================================
Received Import Request.
  Time since last request: 84.016931 seconds.
  path: Assets/Animation/Player/Roll
  artifactKey: Guid(595ae70929441fe40a89ccd6dc3ccdad) Importer(815301076,1909f56bfc062723c751e8b465ee728b)
Start importing Assets/Animation/Player/Roll using Guid(595ae70929441fe40a89ccd6dc3ccdad) Importer(815301076,1909f56bfc062723c751e8b465ee728b)  -> (artifact id: '8cb24b256e703277fd028951b1b4d49a') in 0.004058 seconds
  Import took 0.006503 seconds .

========================================================================
Received Prepare
Registering precompiled user dll's ...
Registered in 0.000799 seconds.
Begin MonoManager ReloadAssembly
Native extension for WindowsStandalone target not found
Refreshing native plugins compatible for Editor in 0.35 ms, found 1 plugins.
Preloading 0 native plugins for Editor in 0.00 ms.
Invoked RoslynAnalysisRunner static constructor.
RoslynAnalysisRunner will not be running.
RoslynAnalysisRunner has terminated.
Mono: successfully reloaded assembly
- Completed reload, in  0.537 seconds
Platform modules already initialized, skipping
Refreshing native plugins compatible for Editor in 0.22 ms, found 1 plugins.
Preloading 0 native plugins for Editor in 0.00 ms.
Unloading 2102 Unused Serialized files (Serialized files now loaded: 0)
System memory in use before: 95.5 MB.
System memory in use after: 95.6 MB.

Unloading 9 unused Assets to reduce memory usage. Loaded Objects now: 2570.
Total: 1.631000 ms (FindLiveObjects: 0.170300 ms CreateObjectMapping: 0.063000 ms MarkObjects: 1.386700 ms  DeleteObjects: 0.010300 ms)

========================================================================
Received Import Request.
  Time since last request: 175.413771 seconds.
  path: Assets/Scripts/PlayerController.cs
  artifactKey: Guid(35de114a552b1e44c81a4ab995950374) Importer(815301076,1909f56bfc062723c751e8b465ee728b)
Start importing Assets/Scripts/PlayerController.cs using Guid(35de114a552b1e44c81a4ab995950374) Importer(815301076,1909f56bfc062723c751e8b465ee728b)  -> (artifact id: '6a1a3cd7495cdaae915d07bf96aaebf7') in 0.003468 seconds
  Import took 0.005879 seconds .

========================================================================
Received Import Request.
  Time since last request: 0.014479 seconds.
  path: Assets/Scripts/PlayerController.cs
  artifactKey: Guid(35de114a552b1e44c81a4ab995950374) Importer(815301076,1909f56bfc062723c751e8b465ee728b)
Start importing Assets/Scripts/PlayerController.cs using Guid(35de114a552b1e44c81a4ab995950374) Importer(815301076,1909f56bfc062723c751e8b465ee728b)  -> (artifact id: '6a1a3cd7495cdaae915d07bf96aaebf7') in 0.001358 seconds
  Import took 0.003498 seconds .

========================================================================
Received Prepare
Registering precompiled user dll's ...
Registered in 0.000681 seconds.
Begin MonoManager ReloadAssembly
Native extension for WindowsStandalone target not found
Refreshing native plugins compatible for Editor in 0.35 ms, found 1 plugins.
Preloading 0 native plugins for Editor in 0.00 ms.
Invoked RoslynAnalysisRunner static constructor.
RoslynAnalysisRunner will not be running.
RoslynAnalysisRunner has terminated.
Mono: successfully reloaded assembly
- Completed reload, in  0.525 seconds
Platform modules already initialized, skipping
Refreshing native plugins compatible for Editor in 0.19 ms, found 1 plugins.
Preloading 0 native plugins for Editor in 0.00 ms.
Unloading 2102 Unused Serialized files (Serialized files now loaded: 0)
System memory in use before: 95.5 MB.
System memory in use after: 95.6 MB.

Unloading 9 unused Assets to reduce memory usage. Loaded Objects now: 2573.
Total: 1.602700 ms (FindLiveObjects: 0.152800 ms CreateObjectMapping: 0.059800 ms MarkObjects: 1.380200 ms  DeleteObjects: 0.009400 ms)

========================================================================
Received Import Request.
  Time since last request: 14.340059 seconds.
  path: Assets/Scripts/PlayerController.cs
  artifactKey: Guid(35de114a552b1e44c81a4ab995950374) Importer(815301076,1909f56bfc062723c751e8b465ee728b)
Start importing Assets/Scripts/PlayerController.cs using Guid(35de114a552b1e44c81a4ab995950374) Importer(815301076,1909f56bfc062723c751e8b465ee728b)  -> (artifact id: '29dc2e533b81b8f1f6a2c87341109cd3') in 0.003620 seconds
  Import took 0.006072 seconds .

========================================================================
Received Import Request.
  Time since last request: 0.000884 seconds.
  path: Assets/Scripts/PlayerController.cs
  artifactKey: Guid(35de114a552b1e44c81a4ab995950374) Importer(815301076,1909f56bfc062723c751e8b465ee728b)
Start importing Assets/Scripts/PlayerController.cs using Guid(35de114a552b1e44c81a4ab995950374) Importer(815301076,1909f56bfc062723c751e8b465ee728b)  -> (artifact id: '29dc2e533b81b8f1f6a2c87341109cd3') in 0.001196 seconds
  Import took 0.002915 seconds .

========================================================================
Received Prepare
Registering precompiled user dll's ...
Registered in 0.000786 seconds.
Begin MonoManager ReloadAssembly
Native extension for WindowsStandalone target not found
Refreshing native plugins compatible for Editor in 0.35 ms, found 1 plugins.
Preloading 0 native plugins for Editor in 0.00 ms.
Invoked RoslynAnalysisRunner static constructor.
RoslynAnalysisRunner will not be running.
RoslynAnalysisRunner has terminated.
Mono: successfully reloaded assembly
- Completed reload, in  0.551 seconds
Platform modules already initialized, skipping
Refreshing native plugins compatible for Editor in 0.25 ms, found 1 plugins.
Preloading 0 native plugins for Editor in 0.00 ms.
Unloading 2102 Unused Serialized files (Serialized files now loaded: 0)
System memory in use before: 95.5 MB.
System memory in use after: 95.6 MB.

Unloading 9 unused Assets to reduce memory usage. Loaded Objects now: 2576.
Total: 1.585000 ms (FindLiveObjects: 0.161700 ms CreateObjectMapping: 0.052000 ms MarkObjects: 1.360100 ms  DeleteObjects: 0.010700 ms)

========================================================================
Received Prepare
Registering precompiled user dll's ...
Registered in 0.000752 seconds.
Begin MonoManager ReloadAssembly
Native extension for WindowsStandalone target not found
Refreshing native plugins compatible for Editor in 0.35 ms, found 1 plugins.
Preloading 0 native plugins for Editor in 0.00 ms.
Invoked RoslynAnalysisRunner static constructor.
RoslynAnalysisRunner will not be running.
RoslynAnalysisRunner has terminated.
Mono: successfully reloaded assembly
- Completed reload, in  0.533 seconds
Platform modules already initialized, skipping
Refreshing native plugins compatible for Editor in 0.22 ms, found 1 plugins.
Preloading 0 native plugins for Editor in 0.00 ms.
Unloading 2102 Unused Serialized files (Serialized files now loaded: 0)
System memory in use before: 95.5 MB.
System memory in use after: 95.6 MB.

Unloading 9 unused Assets to reduce memory usage. Loaded Objects now: 2579.
Total: 1.727900 ms (FindLiveObjects: 0.212300 ms CreateObjectMapping: 0.084000 ms MarkObjects: 1.421000 ms  DeleteObjects: 0.010100 ms)

========================================================================
Received Import Request.
  Time since last request: 207.984944 seconds.
  path: Assets/Scripts/PlayerController.cs
  artifactKey: Guid(35de114a552b1e44c81a4ab995950374) Importer(815301076,1909f56bfc062723c751e8b465ee728b)
Start importing Assets/Scripts/PlayerController.cs using Guid(35de114a552b1e44c81a4ab995950374) Importer(815301076,1909f56bfc062723c751e8b465ee728b)  -> (artifact id: '3a4164af7de2e6e568a845ad29d5be87') in 0.003532 seconds
  Import took 0.005880 seconds .

========================================================================
Received Import Request.
  Time since last request: 0.001010 seconds.
  path: Assets/Scripts/PlayerController.cs
  artifactKey: Guid(35de114a552b1e44c81a4ab995950374) Importer(815301076,1909f56bfc062723c751e8b465ee728b)
Start importing Assets/Scripts/PlayerController.cs using Guid(35de114a552b1e44c81a4ab995950374) Importer(815301076,1909f56bfc062723c751e8b465ee728b)  -> (artifact id: '3a4164af7de2e6e568a845ad29d5be87') in 0.001218 seconds
  Import took 0.003143 seconds .

========================================================================
Received Prepare
Registering precompiled user dll's ...
Registered in 0.000697 seconds.
Begin MonoManager ReloadAssembly
Native extension for WindowsStandalone target not found
Refreshing native plugins compatible for Editor in 0.35 ms, found 1 plugins.
Preloading 0 native plugins for Editor in 0.00 ms.
Invoked RoslynAnalysisRunner static constructor.
RoslynAnalysisRunner will not be running.
RoslynAnalysisRunner has terminated.
Mono: successfully reloaded assembly
- Completed reload, in  0.559 seconds
Platform modules already initialized, skipping
Refreshing native plugins compatible for Editor in 0.26 ms, found 1 plugins.
Preloading 0 native plugins for Editor in 0.00 ms.
Unloading 2102 Unused Serialized files (Serialized files now loaded: 0)
System memory in use before: 95.5 MB.
System memory in use after: 95.6 MB.

Unloading 9 unused Assets to reduce memory usage. Loaded Objects now: 2582.
Total: 1.643500 ms (FindLiveObjects: 0.170400 ms CreateObjectMapping: 0.056200 ms MarkObjects: 1.405900 ms  DeleteObjects: 0.010600 ms)

========================================================================
Received Prepare
Registering precompiled user dll's ...
Registered in 0.000622 seconds.
Begin MonoManager ReloadAssembly
Native extension for WindowsStandalone target not found
Refreshing native plugins compatible for Editor in 0.35 ms, found 1 plugins.
Preloading 0 native plugins for Editor in 0.00 ms.
Invoked RoslynAnalysisRunner static constructor.
RoslynAnalysisRunner will not be running.
RoslynAnalysisRunner has terminated.
Mono: successfully reloaded assembly
- Completed reload, in  0.533 seconds
Platform modules already initialized, skipping
Refreshing native plugins compatible for Editor in 0.18 ms, found 1 plugins.
Preloading 0 native plugins for Editor in 0.00 ms.
Unloading 2102 Unused Serialized files (Serialized files now loaded: 0)
System memory in use before: 95.5 MB.
System memory in use after: 95.6 MB.

Unloading 9 unused Assets to reduce memory usage. Loaded Objects now: 2585.
Total: 1.656500 ms (FindLiveObjects: 0.160500 ms CreateObjectMapping: 0.051200 ms MarkObjects: 1.433700 ms  DeleteObjects: 0.010500 ms)

========================================================================
Received Prepare
Registering precompiled user dll's ...
Registered in 0.000731 seconds.
Begin MonoManager ReloadAssembly
Native extension for WindowsStandalone target not found
Refreshing native plugins compatible for Editor in 0.36 ms, found 1 plugins.
Preloading 0 native plugins for Editor in 0.00 ms.
Invoked RoslynAnalysisRunner static constructor.
RoslynAnalysisRunner will not be running.
RoslynAnalysisRunner has terminated.
Mono: successfully reloaded assembly
- Completed reload, in  0.558 seconds
Platform modules already initialized, skipping
Refreshing native plugins compatible for Editor in 0.28 ms, found 1 plugins.
Preloading 0 native plugins for Editor in 0.00 ms.
Unloading 2102 Unused Serialized files (Serialized files now loaded: 0)
System memory in use before: 95.5 MB.
System memory in use after: 95.6 MB.

Unloading 9 unused Assets to reduce memory usage. Loaded Objects now: 2588.
Total: 1.839100 ms (FindLiveObjects: 0.317100 ms CreateObjectMapping: 0.094000 ms MarkObjects: 1.415400 ms  DeleteObjects: 0.011900 ms)

========================================================================
Received Prepare
Registering precompiled user dll's ...
Registered in 0.000674 seconds.
Begin MonoManager ReloadAssembly
Native extension for WindowsStandalone target not found
Refreshing native plugins compatible for Editor in 0.36 ms, found 1 plugins.
Preloading 0 native plugins for Editor in 0.00 ms.
Invoked RoslynAnalysisRunner static constructor.
RoslynAnalysisRunner will not be running.
RoslynAnalysisRunner has terminated.
Mono: successfully reloaded assembly
- Completed reload, in  0.528 seconds
Platform modules already initialized, skipping
Refreshing native plugins compatible for Editor in 0.19 ms, found 1 plugins.
Preloading 0 native plugins for Editor in 0.00 ms.
Unloading 2102 Unused Serialized files (Serialized files now loaded: 0)
System memory in use before: 95.5 MB.
System memory in use after: 95.6 MB.

Unloading 9 unused Assets to reduce memory usage. Loaded Objects now: 2591.
Total: 1.597700 ms (FindLiveObjects: 0.170800 ms CreateObjectMapping: 0.052100 ms MarkObjects: 1.364600 ms  DeleteObjects: 0.009600 ms)

========================================================================
Received Import Request.
  Time since last request: 318.906747 seconds.
  path: Assets/Animation/Player/Run
  artifactKey: Guid(100a2bd45dc024542a8affbc80aead29) Importer(815301076,1909f56bfc062723c751e8b465ee728b)
Start importing Assets/Animation/Player/Run using Guid(100a2bd45dc024542a8affbc80aead29) Importer(815301076,1909f56bfc062723c751e8b465ee728b)  -> (artifact id: '2c00eba1b57af944d865f455161b6bf8') in 0.003952 seconds
  Import took 0.006404 seconds .

========================================================================
Received Import Request.
  Time since last request: 0.000346 seconds.
  path: Assets/Animation/Player/Run
  artifactKey: Guid(100a2bd45dc024542a8affbc80aead29) Importer(815301076,1909f56bfc062723c751e8b465ee728b)
Start importing Assets/Animation/Player/Run using Guid(100a2bd45dc024542a8affbc80aead29) Importer(815301076,1909f56bfc062723c751e8b465ee728b)  -> (artifact id: '2c00eba1b57af944d865f455161b6bf8') in 0.001448 seconds
  Import took 0.003505 seconds .

========================================================================
Received Prepare
Registering precompiled user dll's ...
Registered in 0.000650 seconds.
Begin MonoManager ReloadAssembly
Native extension for WindowsStandalone target not found
Refreshing native plugins compatible for Editor in 0.35 ms, found 1 plugins.
Preloading 0 native plugins for Editor in 0.00 ms.
Invoked RoslynAnalysisRunner static constructor.
RoslynAnalysisRunner will not be running.
RoslynAnalysisRunner has terminated.
Mono: successfully reloaded assembly
- Completed reload, in  0.541 seconds
Platform modules already initialized, skipping
Refreshing native plugins compatible for Editor in 0.17 ms, found 1 plugins.
Preloading 0 native plugins for Editor in 0.00 ms.
Unloading 2102 Unused Serialized files (Serialized files now loaded: 0)
System memory in use before: 95.5 MB.
System memory in use after: 95.7 MB.

Unloading 9 unused Assets to reduce memory usage. Loaded Objects now: 2594.
Total: 1.954600 ms (FindLiveObjects: 0.207600 ms CreateObjectMapping: 0.083800 ms MarkObjects: 1.651700 ms  DeleteObjects: 0.010700 ms)

========================================================================
Received Import Request.
  Time since last request: 210.470132 seconds.
  path: Assets/Scripts/PlayerController.cs
  artifactKey: Guid(35de114a552b1e44c81a4ab995950374) Importer(815301076,1909f56bfc062723c751e8b465ee728b)
Start importing Assets/Scripts/PlayerController.cs using Guid(35de114a552b1e44c81a4ab995950374) Importer(815301076,1909f56bfc062723c751e8b465ee728b)  -> (artifact id: '62578db199bd7383b65be519b0cad25b') in 0.003556 seconds
  Import took 0.006040 seconds .

========================================================================
Received Import Request.
  Time since last request: 0.014435 seconds.
  path: Assets/Scripts/PlayerController.cs
  artifactKey: Guid(35de114a552b1e44c81a4ab995950374) Importer(815301076,1909f56bfc062723c751e8b465ee728b)
Start importing Assets/Scripts/PlayerController.cs using Guid(35de114a552b1e44c81a4ab995950374) Importer(815301076,1909f56bfc062723c751e8b465ee728b)  -> (artifact id: '62578db199bd7383b65be519b0cad25b') in 0.001328 seconds
  Import took 0.003537 seconds .

========================================================================
Received Import Request.
  Time since last request: 3.069915 seconds.
  path: Assets/Scripts/dash.anim
  artifactKey: Guid(de538752b13826d43b128af09d0235ba) Importer(815301076,1909f56bfc062723c751e8b465ee728b)
Start importing Assets/Scripts/dash.anim using Guid(de538752b13826d43b128af09d0235ba) Importer(815301076,1909f56bfc062723c751e8b465ee728b)  -> (artifact id: '54b03cf6aa243640410e964326d5fb96') in 0.006834 seconds
  Import took 0.009342 seconds .

========================================================================
Received Prepare
Registering precompiled user dll's ...
Registered in 0.000727 seconds.
Begin MonoManager ReloadAssembly
Native extension for WindowsStandalone target not found
Refreshing native plugins compatible for Editor in 0.40 ms, found 1 plugins.
Preloading 0 native plugins for Editor in 0.00 ms.
Invoked RoslynAnalysisRunner static constructor.
RoslynAnalysisRunner will not be running.
RoslynAnalysisRunner has terminated.
Mono: successfully reloaded assembly
- Completed reload, in  0.560 seconds
Platform modules already initialized, skipping
Refreshing native plugins compatible for Editor in 0.26 ms, found 1 plugins.
Preloading 0 native plugins for Editor in 0.00 ms.
Unloading 2102 Unused Serialized files (Serialized files now loaded: 0)
System memory in use before: 95.6 MB.
System memory in use after: 95.7 MB.

Unloading 9 unused Assets to reduce memory usage. Loaded Objects now: 2597.
Total: 1.654800 ms (FindLiveObjects: 0.183400 ms CreateObjectMapping: 0.062000 ms MarkObjects: 1.397900 ms  DeleteObjects: 0.011100 ms)

========================================================================
Received Import Request.
  Time since last request: 43.422180 seconds.
  path: Assets/Scripts/PlayerController.cs
  artifactKey: Guid(35de114a552b1e44c81a4ab995950374) Importer(815301076,1909f56bfc062723c751e8b465ee728b)
Start importing Assets/Scripts/PlayerController.cs using Guid(35de114a552b1e44c81a4ab995950374) Importer(815301076,1909f56bfc062723c751e8b465ee728b)  -> (artifact id: 'c0a522e44260873eee6b377f77b0a680') in 0.003609 seconds
  Import took 0.005901 seconds .

========================================================================
Received Prepare
Registering precompiled user dll's ...
Registered in 0.000644 seconds.
Begin MonoManager ReloadAssembly
Native extension for WindowsStandalone target not found
Refreshing native plugins compatible for Editor in 0.36 ms, found 1 plugins.
Preloading 0 native plugins for Editor in 0.00 ms.
Invoked RoslynAnalysisRunner static constructor.
RoslynAnalysisRunner will not be running.
RoslynAnalysisRunner has terminated.
Mono: successfully reloaded assembly
- Completed reload, in  0.557 seconds
Platform modules already initialized, skipping
Refreshing native plugins compatible for Editor in 0.27 ms, found 1 plugins.
Preloading 0 native plugins for Editor in 0.00 ms.
Unloading 2102 Unused Serialized files (Serialized files now loaded: 0)
System memory in use before: 95.6 MB.
System memory in use after: 95.7 MB.

Unloading 9 unused Assets to reduce memory usage. Loaded Objects now: 2600.
Total: 1.730100 ms (FindLiveObjects: 0.191700 ms CreateObjectMapping: 0.071900 ms MarkObjects: 1.455300 ms  DeleteObjects: 0.010800 ms)

========================================================================
Received Prepare
Registering precompiled user dll's ...
Registered in 0.000689 seconds.
Begin MonoManager ReloadAssembly
Native extension for WindowsStandalone target not found
Refreshing native plugins compatible for Editor in 0.38 ms, found 1 plugins.
Preloading 0 native plugins for Editor in 0.00 ms.
Invoked RoslynAnalysisRunner static constructor.
RoslynAnalysisRunner will not be running.
RoslynAnalysisRunner has terminated.
Mono: successfully reloaded assembly
- Completed reload, in  0.542 seconds
Platform modules already initialized, skipping
Refreshing native plugins compatible for Editor in 0.21 ms, found 1 plugins.
Preloading 0 native plugins for Editor in 0.00 ms.
Unloading 2102 Unused Serialized files (Serialized files now loaded: 0)
System memory in use before: 95.6 MB.
System memory in use after: 95.7 MB.

Unloading 9 unused Assets to reduce memory usage. Loaded Objects now: 2603.
Total: 1.613700 ms (FindLiveObjects: 0.152300 ms CreateObjectMapping: 0.056200 ms MarkObjects: 1.394700 ms  DeleteObjects: 0.009900 ms)

AssetImportWorkerClient::OnTransportError - code=2 error=End of file
